0 info it worked if it ends with ok
1 verbose cli [ '/usr/local/bin/node', '/usr/local/bin/npm', 'start' ]
2 info using npm@4.2.0
3 info using node@v6.7.0
4 verbose run-script [ 'prestart', 'start', 'poststart' ]
5 info lifecycle berniecontentfulwebhooks@1.0.0~prestart: berniecontentfulwebhooks@1.0.0
6 silly lifecycle berniecontentfulwebhooks@1.0.0~prestart: no script for prestart, continuing
7 info lifecycle berniecontentfulwebhooks@1.0.0~start: berniecontentfulwebhooks@1.0.0
8 verbose lifecycle berniecontentfulwebhooks@1.0.0~start: unsafe-perm in lifecycle true
9 verbose lifecycle berniecontentfulwebhooks@1.0.0~start: PATH: /usr/local/lib/node_modules/npm/bin/node-gyp-bin:/Users/lei.xing/Sites/Gob/BernieContentfulWebhooks/node_modules/.bin:/usr/local/sbin:/Users/lei.xing/bin:/usr/local/bin:/usr/local/bin:/usr/bin:/bin:/usr/sbin:/sbin
10 verbose lifecycle berniecontentfulwebhooks@1.0.0~start: CWD: /Users/lei.xing/Sites/Gob/BernieContentfulWebhooks
11 silly lifecycle berniecontentfulwebhooks@1.0.0~start: Args: [ '-c', 'node index.js' ]
12 silly lifecycle berniecontentfulwebhooks@1.0.0~start: Returned: code: 1  signal: null
13 info lifecycle berniecontentfulwebhooks@1.0.0~start: Failed to exec start script
14 verbose stack Error: berniecontentfulwebhooks@1.0.0 start: `node index.js`
14 verbose stack Exit status 1
14 verbose stack     at EventEmitter.<anonymous> (/usr/local/lib/node_modules/npm/lib/utils/lifecycle.js:279:16)
14 verbose stack     at emitTwo (events.js:106:13)
14 verbose stack     at EventEmitter.emit (events.js:191:7)
14 verbose stack     at ChildProcess.<anonymous> (/usr/local/lib/node_modules/npm/lib/utils/spawn.js:40:14)
14 verbose stack     at emitTwo (events.js:106:13)
14 verbose stack     at ChildProcess.emit (events.js:191:7)
14 verbose stack     at maybeClose (internal/child_process.js:877:16)
14 verbose stack     at Process.ChildProcess._handle.onexit (internal/child_process.js:226:5)
15 verbose pkgid berniecontentfulwebhooks@1.0.0
16 verbose cwd /Users/lei.xing/Sites/Gob/BernieContentfulWebhooks
17 error Darwin 16.6.0
18 error argv "/usr/local/bin/node" "/usr/local/bin/npm" "start"
19 error node v6.7.0
20 error npm  v4.2.0
21 error code ELIFECYCLE
22 error errno 1
23 error berniecontentfulwebhooks@1.0.0 start: `node index.js`
23 error Exit status 1
24 error Failed at the berniecontentfulwebhooks@1.0.0 start script 'node index.js'.
24 error Make sure you have the latest version of node.js and npm installed.
24 error If you do, this is most likely a problem with the berniecontentfulwebhooks package,
24 error not with npm itself.
24 error Tell the author that this fails on your system:
24 error     node index.js
24 error You can get information on how to open an issue for this project with:
24 error     npm bugs berniecontentfulwebhooks
24 error Or if that isn't available, you can get their info via:
24 error     npm owner ls berniecontentfulwebhooks
24 error There is likely additional logging output above.
25 verbose exit [ 1, true ]
